[36minfo[39m: Welcome to Appium v1.4.16 (REV ae6877eff263066b26328d457bd285c0cc62430d)
[36minfo[39m: Appium REST http interface listener started on 0.0.0.0:4723
[36minfo[39m: Console LogLevel: debug
[36minfo[39m: [37m-->[39m [37mGET[39m [37m/wd/hub/status[39m [90m{}[39m
[36minfo[39m: [debug] Responding to client with success: {"status":0,"value":{"build":{"version":"1.4.16","revision":"ae6877eff263066b26328d457bd285c0cc62430d"}}}
[36minfo[39m: [37m<-- GET /wd/hub/status [39m[32m200[39m[90m 15.475 ms - 105[39m [90m{"status":0,"value":{"build":{"version":"1.4.16","revision":"ae6877eff263066b26328d457bd285c0cc62430d"}}}[39m
[36minfo[39m: [37m-->[39m [37mPOST[39m [37m/wd/hub/session[39m [90m{"desiredCapabilities":{"app":"C:\\RFAUtils\\rubyDemo\\IceBoxControl_Marvell-MW300_20150921.apk","appActivity":"com.iceboxcontrol.activitys.LoginActivity","appPackage":"com.iceboxcontrol","platformName":"android","platformVersion":"4.4.4","deviceName":"274b3f06","unicodeKeyboard":"true","resetKeyboard":"true","noReset":"false"}}[39m
[36minfo[39m: Client User-Agent string: appium/ruby_lib/8.0.0
[33mwarn[39m: Converting cap unicodeKeyboard from string to boolean. This might cause unexpected behavior.
[33mwarn[39m: Converting cap resetKeyboard from string to boolean. This might cause unexpected behavior.
[33mwarn[39m: Converting cap noReset from string to boolean. This might cause unexpected behavior.
[36minfo[39m: [debug] Using local app from desired caps: C:\RFAUtils\rubyDemo\IceBoxControl_Marvell-MW300_20150921.apk
[36minfo[39m: [debug] Creating new appium session dbf66a35-99ba-412c-9b77-a4e92401d0ae
[36minfo[39m: Starting android appium
[36minfo[39m: [debug] Getting Java version
[36minfo[39m: Java version is: 1.8.0_25
[36minfo[39m: [debug] Checking whether adb is present
[36minfo[39m: [debug] Using adb from E:\adt-bundle-windows-x86-20140702\sdk\platform-tools\adb.exe
[36minfo[39m: [debug] Using fast reset? true
[36minfo[39m: [debug] Preparing device for session
[36minfo[39m: [debug] Checking whether app is actually present
[36minfo[39m: Retrieving device
[36minfo[39m: [debug] Trying to find a connected android device
[36minfo[39m: [debug] Getting connected devices...
[36minfo[39m: [debug] executing cmd: E:\adt-bundle-windows-x86-20140702\sdk\platform-tools\adb.exe devices
[36minfo[39m: [debug] 1 device(s) connected
[36minfo[39m: Found device 274b3f06
[36minfo[39m: [debug] Setting device id to 274b3f06
[36minfo[39m: [debug] Waiting for device to be ready and to respond to shell commands (timeout = 5)
[36minfo[39m: [debug] executing cmd: E:\adt-bundle-windows-x86-20140702\sdk\platform-tools\adb.exe -s 274b3f06 wait-for-device
[36minfo[39m: [debug] executing cmd: E:\adt-bundle-windows-x86-20140702\sdk\platform-tools\adb.exe -s 274b3f06 shell "echo 'ready'"
[36minfo[39m: [debug] Starting logcat capture
[36minfo[39m: [debug] Getting device API level
[36minfo[39m: [debug] executing cmd: E:\adt-bundle-windows-x86-20140702\sdk\platform-tools\adb.exe -s 274b3f06 shell "getprop ro.build.version.sdk"
[36minfo[39m: [debug] Device is at API Level 19
[36minfo[39m: Device API level is: 19
[36minfo[39m: [debug] Extracting strings for language: default
[36minfo[39m: [debug] executing cmd: E:\adt-bundle-windows-x86-20140702\sdk\platform-tools\adb.exe -s 274b3f06 shell "getprop persist.sys.language"
[36minfo[39m: [debug] Current device persist.sys.language: 
[36minfo[39m: [debug] java -jar "E:\Appium_Script\Appium\node_modules\appium\node_modules\appium-adb\jars\appium_apk_tools.jar" "stringsFromApk" "C:\RFAUtils\rubyDemo\IceBoxControl_Marvell-MW300_20150921.apk" "C:\Users\ADMINI~1\AppData\Local\Temp\com.iceboxcontrol" 
[36minfo[39m: [debug] Reading strings from converted strings.json
[36minfo[39m: [debug] Setting language to default
[36minfo[39m: [debug] executing cmd: E:\adt-bundle-windows-x86-20140702\sdk\platform-tools\adb.exe -s 274b3f06 push "C:\\Users\\ADMINI~1\\AppData\\Local\\Temp\\com.iceboxcontrol\\strings.json" /data/local/tmp
[36minfo[39m: [debug] Checking whether aapt is present
[36minfo[39m: [debug] Using aapt from E:\adt-bundle-windows-x86-20140702\sdk\build-tools\android-4.4W\aapt.exe
[36minfo[39m: [debug] Retrieving process from manifest.
[36minfo[39m: [debug] executing cmd: E:\adt-bundle-windows-x86-20140702\sdk\build-tools\android-4.4W\aapt.exe dump xmltree C:\RFAUtils\rubyDemo\IceBoxControl_Marvell-MW300_20150921.apk AndroidManifest.xml
[36minfo[39m: [debug] Set app process to: com.iceboxcontrol
[36minfo[39m: [debug] Not uninstalling app since server not started with --full-reset
[36minfo[39m: [debug] Checking app cert for C:\RFAUtils\rubyDemo\IceBoxControl_Marvell-MW300_20150921.apk.
[36minfo[39m: [debug] executing cmd: java -jar E:\Appium_Script\Appium\node_modules\appium\node_modules\appium-adb\jars\verify.jar C:\RFAUtils\rubyDemo\IceBoxControl_Marvell-MW300_20150921.apk
[36minfo[39m: [debug] App already signed.
[36minfo[39m: [debug] Zip-aligning C:\RFAUtils\rubyDemo\IceBoxControl_Marvell-MW300_20150921.apk
[36minfo[39m: [debug] Checking whether zipalign is present
[36minfo[39m: [debug] Using zipalign from E:\adt-bundle-windows-x86-20140702\sdk\build-tools\android-4.4W\zipalign.exe
[36minfo[39m: [debug] Zip-aligning apk.
[36minfo[39m: [debug] executing cmd: E:\adt-bundle-windows-x86-20140702\sdk\build-tools\android-4.4W\zipalign.exe -f 4 C:\RFAUtils\rubyDemo\IceBoxControl_Marvell-MW300_20150921.apk C:\Users\ADMINI~1\AppData\Local\Temp\116014-1456-ipolb6\appium.tmp
[36minfo[39m: [debug] MD5 for app is 8855eb64cf5752fc4ee041c46e95284c
[36minfo[39m: [debug] executing cmd: E:\adt-bundle-windows-x86-20140702\sdk\platform-tools\adb.exe -s 274b3f06 shell "ls /data/local/tmp/8855eb64cf5752fc4ee041c46e95284c.apk"
[36minfo[39m: [debug] Getting install status for com.iceboxcontrol
[36minfo[39m: [debug] Getting device API level
[36minfo[39m: [debug] executing cmd: E:\adt-bundle-windows-x86-20140702\sdk\platform-tools\adb.exe -s 274b3f06 shell "getprop ro.build.version.sdk"
[36minfo[39m: [debug] Device is at API Level 19
[36minfo[39m: [debug] executing cmd: E:\adt-bundle-windows-x86-20140702\sdk\platform-tools\adb.exe -s 274b3f06 shell "pm list packages -3 com.iceboxcontrol"
[36minfo[39m: [debug] App is installed
[36minfo[39m: App is already installed, resetting app
[36minfo[39m: [debug] Running fast reset (stop and clear)
[36minfo[39m: [debug] executing cmd: E:\adt-bundle-windows-x86-20140702\sdk\platform-tools\adb.exe -s 274b3f06 shell "am force-stop com.iceboxcontrol"
[36minfo[39m: [debug] executing cmd: E:\adt-bundle-windows-x86-20140702\sdk\platform-tools\adb.exe -s 274b3f06 shell "pm clear com.iceboxcontrol"
[36minfo[39m: [debug] Forwarding system:4724 to device:4724
[36minfo[39m: [debug] executing cmd: E:\adt-bundle-windows-x86-20140702\sdk\platform-tools\adb.exe -s 274b3f06 forward tcp:4724 tcp:4724
[36minfo[39m: [debug] Pushing appium bootstrap to device...
[36minfo[39m: [debug] executing cmd: E:\adt-bundle-windows-x86-20140702\sdk\platform-tools\adb.exe -s 274b3f06 push "E:\\Appium_Script\\Appium\\node_modules\\appium\\build\\android_bootstrap\\AppiumBootstrap.jar" /data/local/tmp/
[36minfo[39m: [debug] Enabling Unicode keyboard support
[36minfo[39m: [debug] Pushing unicode ime to device...
[36minfo[39m: [debug] executing cmd: E:\adt-bundle-windows-x86-20140702\sdk\platform-tools\adb.exe -s 274b3f06 install "E:\Appium_Script\Appium\node_modules\appium\build\unicode_ime_apk\UnicodeIME-debug.apk"
[36minfo[39m: [debug] executing cmd: E:\adt-bundle-windows-x86-20140702\sdk\platform-tools\adb.exe -s 274b3f06 shell "settings get secure default_input_method"
[36minfo[39m: [debug] Unsetting IME 'io.appium.android.ime/.UnicodeIME'
[36minfo[39m: [debug] Setting IME to 'io.appium.android.ime/.UnicodeIME'
[36minfo[39m: [debug] executing cmd: E:\adt-bundle-windows-x86-20140702\sdk\platform-tools\adb.exe -s 274b3f06 shell "ime enable io.appium.android.ime/.UnicodeIME"
[36minfo[39m: [debug] executing cmd: E:\adt-bundle-windows-x86-20140702\sdk\platform-tools\adb.exe -s 274b3f06 shell "ime set io.appium.android.ime/.UnicodeIME"
[36minfo[39m: [debug] Pushing settings apk to device...
[36minfo[39m: [debug] executing cmd: E:\adt-bundle-windows-x86-20140702\sdk\platform-tools\adb.exe -s 274b3f06 install "E:\Appium_Script\Appium\node_modules\appium\build\settings_apk\settings_apk-debug.apk"
[36minfo[39m: [debug] Pushing unlock helper app to device...
[36minfo[39m: [debug] executing cmd: E:\adt-bundle-windows-x86-20140702\sdk\platform-tools\adb.exe -s 274b3f06 install "E:\Appium_Script\Appium\node_modules\appium\build\unlock_apk\unlock_apk-debug.apk"
[36minfo[39m: Starting App
[36minfo[39m: [debug] Attempting to kill all 'uiautomator' processes
[36minfo[39m: [debug] Getting all processes with 'uiautomator'
[36minfo[39m: [debug] executing cmd: E:\adt-bundle-windows-x86-20140702\sdk\platform-tools\adb.exe -s 274b3f06 shell "ps 'uiautomator'"
[36minfo[39m: [debug] No matching processes found
[36minfo[39m: [debug] Running bootstrap
[36minfo[39m: [debug] spawning: E:\adt-bundle-windows-x86-20140702\sdk\platform-tools\adb.exe -s 274b3f06 shell uiautomator runtest AppiumBootstrap.jar -c io.appium.android.bootstrap.Bootstrap -e pkg com.iceboxcontrol -e disableAndroidWatchers false
[36minfo[39m: [debug] [90m[UIAUTOMATOR STDOUT] INSTRUMENTATION_STATUS: numtests=1[39m
[36minfo[39m: [debug] [90m[UIAUTOMATOR STDOUT] INSTRUMENTATION_STATUS: stream=[39m
[36minfo[39m: [debug] [90m[UIAUTOMATOR STDOUT] io.appium.android.bootstrap.Bootstrap:[39m
[36minfo[39m: [debug] [90m[UIAUTOMATOR STDOUT] INSTRUMENTATION_STATUS: id=UiAutomatorTestRunner[39m
[36minfo[39m: [debug] [90m[UIAUTOMATOR STDOUT] INSTRUMENTATION_STATUS: test=testRunServer[39m
[36minfo[39m: [debug] [90m[UIAUTOMATOR STDOUT] INSTRUMENTATION_STATUS: class=io.appium.android.bootstrap.Bootstrap[39m
[36minfo[39m: [debug] [90m[UIAUTOMATOR STDOUT] INSTRUMENTATION_STATUS: current=1[39m
[36minfo[39m: [debug] [90m[UIAUTOMATOR STDOUT] INSTRUMENTATION_STATUS_CODE: 1[39m
[36minfo[39m: [debug] [BOOTSTRAP] [debug] Socket opened on port 4724
[36minfo[39m: [debug] [BOOTSTRAP] [debug] Appium Socket Server Ready
[36minfo[39m: [debug] [BOOTSTRAP] [debug] Loading json...
[36minfo[39m: [debug] [BOOTSTRAP] [debug] json loading complete.
[36minfo[39m: [debug] [BOOTSTRAP] [debug] Registered crash watchers.
[36minfo[39m: [debug] Waking up device if it's not alive
[36minfo[39m: [debug] Pushing command to appium work queue: ["wake",{}]
[36minfo[39m: [debug] [BOOTSTRAP] [debug] Client connected
[36minfo[39m: [debug] [BOOTSTRAP] [debug] Got data from client: {"cmd":"action","action":"wake","params":{}}
[36minfo[39m: [debug] executing cmd: E:\adt-bundle-windows-x86-20140702\sdk\platform-tools\adb.exe -s 274b3f06 shell "dumpsys window"
[36minfo[39m: [debug] [BOOTSTRAP] [debug] Got command of type ACTION
[36minfo[39m: [debug] [BOOTSTRAP] [debug] Got command action: wake
[36minfo[39m: [debug] [BOOTSTRAP] [debug] Returning result: {"value":true,"status":0}
[36minfo[39m: Unlocking screen
[36minfo[39m: [debug] Screen is locked, trying to unlock
[36minfo[39m: [debug] Getting device API level
[36minfo[39m: [debug] executing cmd: E:\adt-bundle-windows-x86-20140702\sdk\platform-tools\adb.exe -s 274b3f06 shell "getprop ro.build.version.sdk"
[36minfo[39m: [debug] Device is at API Level 19
[36minfo[39m: [debug] executing cmd: E:\adt-bundle-windows-x86-20140702\sdk\platform-tools\adb.exe -s 274b3f06 shell "am start -S -a android.intent.action.MAIN -c android.intent.category.LAUNCHER -f 0x10200000 -n io.appium.unlock/.Unlock"
[36minfo[39m: [debug] executing cmd: E:\adt-bundle-windows-x86-20140702\sdk\platform-tools\adb.exe -s 274b3f06 shell "dumpsys window"
[36minfo[39m: [debug] Screen is unlocked, continuing
[36minfo[39m: [debug] Pushing command to appium work queue: ["getDataDir",{}]
[36minfo[39m: [debug] [BOOTSTRAP] [debug] Got data from client: {"cmd":"action","action":"getDataDir","params":{}}
[36minfo[39m: [debug] dataDir set to: /data/local/tmp
[36minfo[39m: [debug] Pushing command to appium work queue: ["compressedLayoutHierarchy",{"compressLayout":false}]
[36minfo[39m: [debug] [BOOTSTRAP] [debug] Got command of type ACTION
[36minfo[39m: [debug] [BOOTSTRAP] [debug] Got command action: getDataDir
[36minfo[39m: [debug] [BOOTSTRAP] [debug] Returning result: {"value":"\/data\/local\/tmp","status":0}
[36minfo[39m: [debug] [BOOTSTRAP] [debug] Got data from client: {"cmd":"action","action":"compressedLayoutHierarchy","params":{"compressLayout":false}}
[36minfo[39m: [debug] [BOOTSTRAP] [debug] Got command of type ACTION
[36minfo[39m: [debug] [BOOTSTRAP] [debug] Got command action: compressedLayoutHierarchy
[36minfo[39m: [debug] [BOOTSTRAP] [debug] Returning result: {"value":false,"status":0}
[36minfo[39m: [debug] Getting device API level
[36minfo[39m: [debug] executing cmd: E:\adt-bundle-windows-x86-20140702\sdk\platform-tools\adb.exe -s 274b3f06 shell "getprop ro.build.version.sdk"
[36minfo[39m: [debug] Device is at API Level 19
[36minfo[39m: [debug] executing cmd: E:\adt-bundle-windows-x86-20140702\sdk\platform-tools\adb.exe -s 274b3f06 shell "am start -S -a android.intent.action.MAIN -c android.intent.category.LAUNCHER -f 0x10200000 -n com.iceboxcontrol/com.iceboxcontrol.activitys.LoginActivity"
[36minfo[39m: [debug] Waiting for pkg "com.iceboxcontrol" and activity "com.iceboxcontrol.activitys.LoginActivity" to be focused
[36minfo[39m: [debug] Getting focused package and activity
[36minfo[39m: [debug] executing cmd: E:\adt-bundle-windows-x86-20140702\sdk\platform-tools\adb.exe -s 274b3f06 shell "dumpsys window windows"
[36minfo[39m: [debug] executing cmd: E:\adt-bundle-windows-x86-20140702\sdk\platform-tools\adb.exe -s 274b3f06 shell "getprop ro.build.version.release"
[36minfo[39m: [debug] Device is at release version 4.4.4
[36minfo[39m: [debug] Device launched! Ready for commands
[36minfo[39m: [debug] Setting command timeout to the default of 60 secs
[36minfo[39m: [debug] Appium session started with sessionId dbf66a35-99ba-412c-9b77-a4e92401d0ae
[36minfo[39m: [37m<-- POST /wd/hub/session [39m[36m303[39m[90m 22152.397 ms - 74[39m [90m[39m
[36minfo[39m: [37m-->[39m [37mGET[39m [37m/wd/hub/session/dbf66a35-99ba-412c-9b77-a4e92401d0ae[39m [90m{}[39m
[36minfo[39m: [debug] Responding to client with success: {"status":0,"value":{"platform":"LINUX","browserName":"Android","platformVersion":"4.4.4","webStorageEnabled":false,"takesScreenshot":true,"javascriptEnabled":true,"databaseEnabled":false,"networkConnectionEnabled":true,"locationContextEnabled":false,"warnings":{},"desired":{"app":"C:\\RFAUtils\\rubyDemo\\IceBoxControl_Marvell-MW300_20150921.apk","appActivity":"com.iceboxcontrol.activitys.LoginActivity","appPackage":"com.iceboxcontrol","platformName":"android","platformVersion":"4.4.4","deviceName":"274b3f06","unicodeKeyboard":true,"resetKeyboard":true,"noReset":false},"app":"C:\\RFAUtils\\rubyDemo\\IceBoxControl_Marvell-MW300_20150921.apk","appActivity":"com.iceboxcontrol.activitys.LoginActivity","appPackage":"com.iceboxcontrol","platformName":"android","deviceName":"274b3f06","unicodeKeyboard":true,"resetKeyboard":true,"noReset":false},"sessionId":"dbf66a35-99ba-412c-9b77-a4e92401d0ae"}
[36minfo[39m: [37m<-- GET /wd/hub/session/dbf66a35-99ba-412c-9b77-a4e92401d0ae [39m[32m200[39m[90m 3.678 ms - 901[39m [90m{"status":0,"value":{"platform":"LINUX","browserName":"Android","platformVersion":"4.4.4","webStorageEnabled":false,"takesScreenshot":true,"javascriptEnabled":true,"databaseEnabled":false,"networkConnectionEnabled":true,"locationContextEnabled":false,"warnings":{},"desired":{"app":"C:\\RFAUtils\\rubyDemo\\IceBoxControl_Marvell-MW300_20150921.apk","appActivity":"com.iceboxcontrol.activitys.LoginActivity","appPackage":"com.iceboxcontrol","platformName":"android","platformVersion":"4.4.4","deviceName":"274b3f06","unicodeKeyboard":true,"resetKeyboard":true,"noReset":false},"app":"C:\\RFAUtils\\rubyDemo\\IceBoxControl_Marvell-MW300_20150921.apk","appActivity":"com.iceboxcontrol.activitys.LoginActivity","appPackage":"com.iceboxcontrol","platformName":"android","deviceName":"274b3f06","unicodeKeyboard":true,"resetKeyboard":true,"noReset":false},"sessionId":"dbf66a35-99ba-412c-9b77-a4e92401d0ae"}[39m
[36minfo[39m: [37m-->[39m [37mPOST[39m [37m/wd/hub/session/dbf66a35-99ba-412c-9b77-a4e92401d0ae/timeouts/implicit_wait[39m [90m{"ms":10000}[39m
[36minfo[39m: [debug] Set Android implicit wait to 10000ms
[36minfo[39m: [debug] Responding to client with success: {"status":0,"value":null,"sessionId":"dbf66a35-99ba-412c-9b77-a4e92401d0ae"}
[36minfo[39m: [37m<-- POST /wd/hub/session/dbf66a35-99ba-412c-9b77-a4e92401d0ae/timeouts/implicit_wait [39m[32m200[39m[90m 3.435 ms - 76[39m [90m{"status":0,"value":null,"sessionId":"dbf66a35-99ba-412c-9b77-a4e92401d0ae"}[39m
[36minfo[39m: [37m-->[39m [37mPOST[39m [37m/wd/hub/session/dbf66a35-99ba-412c-9b77-a4e92401d0ae/element[39m [90m{"using":"id","value":"com.iceboxcontrol:id/login_username"}[39m
[36minfo[39m: [debug] Waiting up to 10000ms for condition
[36minfo[39m: [debug] Pushing command to appium work queue: ["find",{"strategy":"id","selector":"com.iceboxcontrol:id/login_username","context":"","multiple":false}]
[36minfo[39m: [debug] [BOOTSTRAP] [debug] Got data from client: {"cmd":"action","action":"find","params":{"strategy":"id","selector":"com.iceboxcontrol:id/login_username","context":"","multiple":false}}
[36minfo[39m: [debug] [BOOTSTRAP] [debug] Got command of type ACTION
[36minfo[39m: [debug] [BOOTSTRAP] [debug] Got command action: find
[36minfo[39m: [debug] [BOOTSTRAP] [debug] Finding com.iceboxcontrol:id/login_username using ID with the contextId:  multiple: false
[36minfo[39m: [debug] [BOOTSTRAP] [debug] Using: UiSelector[INSTANCE=0, RESOURCE_ID=com.iceboxcontrol:id/login_username]
[36minfo[39m: [debug] [BOOTSTRAP] [debug] Returning result: {"value":{"ELEMENT":"1"},"status":0}
[36minfo[39m: [debug] Responding to client with success: {"status":0,"value":{"ELEMENT":"1"},"sessionId":"dbf66a35-99ba-412c-9b77-a4e92401d0ae"}
[36minfo[39m: [37m<-- POST /wd/hub/session/dbf66a35-99ba-412c-9b77-a4e92401d0ae/element [39m[32m200[39m[90m 461.573 ms - 87[39m [90m{"status":0,"value":{"ELEMENT":"1"},"sessionId":"dbf66a35-99ba-412c-9b77-a4e92401d0ae"}[39m
[36minfo[39m: [37m-->[39m [37mPOST[39m [37m/wd/hub/session/dbf66a35-99ba-412c-9b77-a4e92401d0ae/element[39m [90m{"using":"id","value":"com.iceboxcontrol:id/login_password"}[39m
[36minfo[39m: [debug] Waiting up to 10000ms for condition
[36minfo[39m: [debug] Pushing command to appium work queue: ["find",{"strategy":"id","selector":"com.iceboxcontrol:id/login_password","context":"","multiple":false}]
[36minfo[39m: [debug] [BOOTSTRAP] [debug] Got data from client: {"cmd":"action","action":"find","params":{"strategy":"id","selector":"com.iceboxcontrol:id/login_password","context":"","multiple":false}}
[36minfo[39m: [debug] [BOOTSTRAP] [debug] Got command of type ACTION
[36minfo[39m: [debug] [BOOTSTRAP] [debug] Got command action: find
[36minfo[39m: [debug] [BOOTSTRAP] [debug] Finding com.iceboxcontrol:id/login_password using ID with the contextId:  multiple: false
[36minfo[39m: [debug] [BOOTSTRAP] [debug] Using: UiSelector[INSTANCE=0, RESOURCE_ID=com.iceboxcontrol:id/login_password]
[36minfo[39m: [debug] [BOOTSTRAP] [debug] Returning result: {"value":{"ELEMENT":"2"},"status":0}
[36minfo[39m: [debug] Responding to client with success: {"status":0,"value":{"ELEMENT":"2"},"sessionId":"dbf66a35-99ba-412c-9b77-a4e92401d0ae"}
[36minfo[39m: [37m<-- POST /wd/hub/session/dbf66a35-99ba-412c-9b77-a4e92401d0ae/element [39m[32m200[39m[90m 28.794 ms - 87[39m [90m{"status":0,"value":{"ELEMENT":"2"},"sessionId":"dbf66a35-99ba-412c-9b77-a4e92401d0ae"}[39m
[36minfo[39m: [37m-->[39m [37mPOST[39m [37m/wd/hub/session/dbf66a35-99ba-412c-9b77-a4e92401d0ae/element[39m [90m{"using":"id","value":"com.iceboxcontrol:id/login_btn"}[39m
[36minfo[39m: [debug] Waiting up to 10000ms for condition
[36minfo[39m: [debug] Pushing command to appium work queue: ["find",{"strategy":"id","selector":"com.iceboxcontrol:id/login_btn","context":"","multiple":false}]
[36minfo[39m: [debug] [BOOTSTRAP] [debug] Got data from client: {"cmd":"action","action":"find","params":{"strategy":"id","selector":"com.iceboxcontrol:id/login_btn","context":"","multiple":false}}
[36minfo[39m: [debug] [BOOTSTRAP] [debug] Got command of type ACTION
[36minfo[39m: [debug] [BOOTSTRAP] [debug] Got command action: find
[36minfo[39m: [debug] [BOOTSTRAP] [debug] Finding com.iceboxcontrol:id/login_btn using ID with the contextId:  multiple: false
[36minfo[39m: [debug] [BOOTSTRAP] [debug] Using: UiSelector[INSTANCE=0, RESOURCE_ID=com.iceboxcontrol:id/login_btn]
[36minfo[39m: [debug] [BOOTSTRAP] [debug] Returning result: {"value":{"ELEMENT":"3"},"status":0}
[36minfo[39m: [debug] Responding to client with success: {"status":0,"value":{"ELEMENT":"3"},"sessionId":"dbf66a35-99ba-412c-9b77-a4e92401d0ae"}
[36minfo[39m: [37m<-- POST /wd/hub/session/dbf66a35-99ba-412c-9b77-a4e92401d0ae/element [39m[32m200[39m[90m 33.618 ms - 87[39m [90m{"status":0,"value":{"ELEMENT":"3"},"sessionId":"dbf66a35-99ba-412c-9b77-a4e92401d0ae"}[39m
[36minfo[39m: [37m-->[39m [37mPOST[39m [37m/wd/hub/session/dbf66a35-99ba-412c-9b77-a4e92401d0ae/element[39m [90m{"using":"id","value":"com.iceboxcontrol:id/auto_login"}[39m
[36minfo[39m: [debug] Waiting up to 10000ms for condition
[36minfo[39m: [debug] Pushing command to appium work queue: ["find",{"strategy":"id","selector":"com.iceboxcontrol:id/auto_login","context":"","multiple":false}]
[36minfo[39m: [debug] [BOOTSTRAP] [debug] Got data from client: {"cmd":"action","action":"find","params":{"strategy":"id","selector":"com.iceboxcontrol:id/auto_login","context":"","multiple":false}}
[36minfo[39m: [debug] [BOOTSTRAP] [debug] Got command of type ACTION
[36minfo[39m: [debug] [BOOTSTRAP] [debug] Got command action: find
[36minfo[39m: [debug] [BOOTSTRAP] [debug] Finding com.iceboxcontrol:id/auto_login using ID with the contextId:  multiple: false
[36minfo[39m: [debug] [BOOTSTRAP] [debug] Using: UiSelector[INSTANCE=0, RESOURCE_ID=com.iceboxcontrol:id/auto_login]
[36minfo[39m: [debug] [BOOTSTRAP] [debug] Returning result: {"value":{"ELEMENT":"4"},"status":0}
[36minfo[39m: [debug] Responding to client with success: {"status":0,"value":{"ELEMENT":"4"},"sessionId":"dbf66a35-99ba-412c-9b77-a4e92401d0ae"}
[36minfo[39m: [37m<-- POST /wd/hub/session/dbf66a35-99ba-412c-9b77-a4e92401d0ae/element [39m[32m200[39m[90m 23.881 ms - 87[39m [90m{"status":0,"value":{"ELEMENT":"4"},"sessionId":"dbf66a35-99ba-412c-9b77-a4e92401d0ae"}[39m
[36minfo[39m: [37m-->[39m [37mPOST[39m [37m/wd/hub/session/dbf66a35-99ba-412c-9b77-a4e92401d0ae/element[39m [90m{"using":"id","value":"com.iceboxcontrol:id/remember_psw"}[39m
[36minfo[39m: [debug] Waiting up to 10000ms for condition
[36minfo[39m: [debug] Pushing command to appium work queue: ["find",{"strategy":"id","selector":"com.iceboxcontrol:id/remember_psw","context":"","multiple":false}]
[36minfo[39m: [debug] [BOOTSTRAP] [debug] Got data from client: {"cmd":"action","action":"find","params":{"strategy":"id","selector":"com.iceboxcontrol:id/remember_psw","context":"","multiple":false}}
[36minfo[39m: [debug] [BOOTSTRAP] [debug] Got command of type ACTION
[36minfo[39m: [debug] [BOOTSTRAP] [debug] Got command action: find
[36minfo[39m: [debug] [BOOTSTRAP] [debug] Finding com.iceboxcontrol:id/remember_psw using ID with the contextId:  multiple: false
[36minfo[39m: [debug] [BOOTSTRAP] [debug] Using: UiSelector[INSTANCE=0, RESOURCE_ID=com.iceboxcontrol:id/remember_psw]
[36minfo[39m: [debug] [BOOTSTRAP] [debug] Returning result: {"value":{"ELEMENT":"5"},"status":0}
[36minfo[39m: [debug] Responding to client with success: {"status":0,"value":{"ELEMENT":"5"},"sessionId":"dbf66a35-99ba-412c-9b77-a4e92401d0ae"}
[36minfo[39m: [37m<-- POST /wd/hub/session/dbf66a35-99ba-412c-9b77-a4e92401d0ae/element [39m[32m200[39m[90m 24.362 ms - 87[39m [90m{"status":0,"value":{"ELEMENT":"5"},"sessionId":"dbf66a35-99ba-412c-9b77-a4e92401d0ae"}[39m
[36minfo[39m: [37m-->[39m [37mPOST[39m [37m/wd/hub/session/dbf66a35-99ba-412c-9b77-a4e92401d0ae/element[39m [90m{"using":"id","value":"com.iceboxcontrol:id/forgot_psw"}[39m
[36minfo[39m: [debug] Waiting up to 10000ms for condition
[36minfo[39m: [debug] Pushing command to appium work queue: ["find",{"strategy":"id","selector":"com.iceboxcontrol:id/forgot_psw","context":"","multiple":false}]
[36minfo[39m: [debug] [BOOTSTRAP] [debug] Got data from client: {"cmd":"action","action":"find","params":{"strategy":"id","selector":"com.iceboxcontrol:id/forgot_psw","context":"","multiple":false}}
[36minfo[39m: [debug] [BOOTSTRAP] [debug] Got command of type ACTION
[36minfo[39m: [debug] [BOOTSTRAP] [debug] Got command action: find
[36minfo[39m: [debug] [BOOTSTRAP] [debug] Finding com.iceboxcontrol:id/forgot_psw using ID with the contextId:  multiple: false
[36minfo[39m: [debug] [BOOTSTRAP] [debug] Using: UiSelector[INSTANCE=0, RESOURCE_ID=com.iceboxcontrol:id/forgot_psw]
[36minfo[39m: [debug] [BOOTSTRAP] [debug] Returning result: {"value":{"ELEMENT":"6"},"status":0}
[36minfo[39m: [debug] Responding to client with success: {"status":0,"value":{"ELEMENT":"6"},"sessionId":"dbf66a35-99ba-412c-9b77-a4e92401d0ae"}
[36minfo[39m: [37m<-- POST /wd/hub/session/dbf66a35-99ba-412c-9b77-a4e92401d0ae/element [39m[32m200[39m[90m 26.729 ms - 87[39m [90m{"status":0,"value":{"ELEMENT":"6"},"sessionId":"dbf66a35-99ba-412c-9b77-a4e92401d0ae"}[39m
[36minfo[39m: [37m-->[39m [37mPOST[39m [37m/wd/hub/session/dbf66a35-99ba-412c-9b77-a4e92401d0ae/element[39m [90m{"using":"id","value":"com.iceboxcontrol:id/register_id"}[39m
[36minfo[39m: [debug] Waiting up to 10000ms for condition
[36minfo[39m: [debug] Pushing command to appium work queue: ["find",{"strategy":"id","selector":"com.iceboxcontrol:id/register_id","context":"","multiple":false}]
[36minfo[39m: [debug] [BOOTSTRAP] [debug] Got data from client: {"cmd":"action","action":"find","params":{"strategy":"id","selector":"com.iceboxcontrol:id/register_id","context":"","multiple":false}}
[36minfo[39m: [debug] [BOOTSTRAP] [debug] Got command of type ACTION
[36minfo[39m: [debug] [BOOTSTRAP] [debug] Got command action: find
[36minfo[39m: [debug] [BOOTSTRAP] [debug] Finding com.iceboxcontrol:id/register_id using ID with the contextId:  multiple: false
[36minfo[39m: [debug] [BOOTSTRAP] [debug] Using: UiSelector[INSTANCE=0, RESOURCE_ID=com.iceboxcontrol:id/register_id]
[36minfo[39m: [debug] [BOOTSTRAP] [debug] Returning result: {"value":{"ELEMENT":"7"},"status":0}
[36minfo[39m: [debug] Responding to client with success: {"status":0,"value":{"ELEMENT":"7"},"sessionId":"dbf66a35-99ba-412c-9b77-a4e92401d0ae"}
[36minfo[39m: [37m<-- POST /wd/hub/session/dbf66a35-99ba-412c-9b77-a4e92401d0ae/element [39m[32m200[39m[90m 29.283 ms - 87[39m [90m{"status":0,"value":{"ELEMENT":"7"},"sessionId":"dbf66a35-99ba-412c-9b77-a4e92401d0ae"}[39m
[36minfo[39m: [37m-->[39m [37mPOST[39m [37m/wd/hub/session/dbf66a35-99ba-412c-9b77-a4e92401d0ae/element[39m [90m{"using":"id","value":"android:id/text1"}[39m
[36minfo[39m: [debug] Waiting up to 10000ms for condition
[36minfo[39m: [debug] Pushing command to appium work queue: ["find",{"strategy":"id","selector":"android:id/text1","context":"","multiple":false}]
[36minfo[39m: [debug] [BOOTSTRAP] [debug] Got data from client: {"cmd":"action","action":"find","params":{"strategy":"id","selector":"android:id/text1","context":"","multiple":false}}
[36minfo[39m: [debug] [BOOTSTRAP] [debug] Got command of type ACTION
[36minfo[39m: [debug] [BOOTSTRAP] [debug] Got command action: find
[36minfo[39m: [debug] [BOOTSTRAP] [debug] Finding android:id/text1 using ID with the contextId:  multiple: false
[36minfo[39m: [debug] [BOOTSTRAP] [debug] Using: UiSelector[INSTANCE=0, RESOURCE_ID=android:id/text1]
[36minfo[39m: [debug] [BOOTSTRAP] [debug] Returning result: {"value":{"ELEMENT":"8"},"status":0}
[36minfo[39m: [debug] Responding to client with success: {"status":0,"value":{"ELEMENT":"8"},"sessionId":"dbf66a35-99ba-412c-9b77-a4e92401d0ae"}
[36minfo[39m: [37m<-- POST /wd/hub/session/dbf66a35-99ba-412c-9b77-a4e92401d0ae/element [39m[32m200[39m[90m 36.069 ms - 87[39m [90m{"status":0,"value":{"ELEMENT":"8"},"sessionId":"dbf66a35-99ba-412c-9b77-a4e92401d0ae"}[39m
[36minfo[39m: [37m-->[39m [37mGET[39m [37m/wd/hub/session/dbf66a35-99ba-412c-9b77-a4e92401d0ae/element/1/displayed[39m [90m{}[39m
[36minfo[39m: [debug] Pushing command to appium work queue: ["element:getAttribute",{"elementId":"1","attribute":"displayed"}]
[36minfo[39m: [debug] [BOOTSTRAP] [debug] Got data from client: {"cmd":"action","action":"element:getAttribute","params":{"elementId":"1","attribute":"displayed"}}
[36minfo[39m: [debug] [BOOTSTRAP] [debug] Got command of type ACTION
[36minfo[39m: [debug] [BOOTSTRAP] [debug] Got command action: getAttribute
[36minfo[39m: [debug] [BOOTSTRAP] [debug] Returning result: {"value":"true","status":0}
[36minfo[39m: [debug] Responding to client with success: {"status":0,"value":true,"sessionId":"dbf66a35-99ba-412c-9b77-a4e92401d0ae"}
[36minfo[39m: [37m<-- GET /wd/hub/session/dbf66a35-99ba-412c-9b77-a4e92401d0ae/element/1/displayed [39m[32m200[39m[90m 36.001 ms - 76[39m [90m{"status":0,"value":true,"sessionId":"dbf66a35-99ba-412c-9b77-a4e92401d0ae"}[39m
[36minfo[39m: [37m-->[39m [37mGET[39m [37m/wd/hub/session/dbf66a35-99ba-412c-9b77-a4e92401d0ae/element/2/displayed[39m [90m{}[39m
[36minfo[39m: [debug] Pushing command to appium work queue: ["element:getAttribute",{"elementId":"2","attribute":"displayed"}]
[36minfo[39m: [debug] [BOOTSTRAP] [debug] Got data from client: {"cmd":"action","action":"element:getAttribute","params":{"elementId":"2","attribute":"displayed"}}
[36minfo[39m: [debug] [BOOTSTRAP] [debug] Got command of type ACTION
[36minfo[39m: [debug] [BOOTSTRAP] [debug] Got command action: getAttribute
[36minfo[39m: [debug] [BOOTSTRAP] [debug] Returning result: {"value":"true","status":0}
[36minfo[39m: [debug] Responding to client with success: {"status":0,"value":true,"sessionId":"dbf66a35-99ba-412c-9b77-a4e92401d0ae"}
[36minfo[39m: [37m<-- GET /wd/hub/session/dbf66a35-99ba-412c-9b77-a4e92401d0ae/element/2/displayed [39m[32m200[39m[90m 33.451 ms - 76[39m [90m{"status":0,"value":true,"sessionId":"dbf66a35-99ba-412c-9b77-a4e92401d0ae"}[39m
[36minfo[39m: [37m-->[39m [37mGET[39m [37m/wd/hub/session/dbf66a35-99ba-412c-9b77-a4e92401d0ae/element/3/displayed[39m [90m{}[39m
[36minfo[39m: [debug] Pushing command to appium work queue: ["element:getAttribute",{"elementId":"3","attribute":"displayed"}]
[36minfo[39m: [debug] [BOOTSTRAP] [debug] Got data from client: {"cmd":"action","action":"element:getAttribute","params":{"elementId":"3","attribute":"displayed"}}
[36minfo[39m: [debug] [BOOTSTRAP] [debug] Got command of type ACTION
[36minfo[39m: [debug] [BOOTSTRAP] [debug] Got command action: getAttribute
[36minfo[39m: [debug] [BOOTSTRAP] [debug] Returning result: {"value":"true","status":0}
[36minfo[39m: [debug] Responding to client with success: {"status":0,"value":true,"sessionId":"dbf66a35-99ba-412c-9b77-a4e92401d0ae"}
[36minfo[39m: [37m<-- GET /wd/hub/session/dbf66a35-99ba-412c-9b77-a4e92401d0ae/element/3/displayed [39m[32m200[39m[90m 22.395 ms - 76[39m [90m{"status":0,"value":true,"sessionId":"dbf66a35-99ba-412c-9b77-a4e92401d0ae"}[39m
[36minfo[39m: [37m-->[39m [37mGET[39m [37m/wd/hub/session/dbf66a35-99ba-412c-9b77-a4e92401d0ae/element/4/displayed[39m [90m{}[39m
[36minfo[39m: [debug] Pushing command to appium work queue: ["element:getAttribute",{"elementId":"4","attribute":"displayed"}]
[36minfo[39m: [debug] [BOOTSTRAP] [debug] Got data from client: {"cmd":"action","action":"element:getAttribute","params":{"elementId":"4","attribute":"displayed"}}
[36minfo[39m: [debug] [BOOTSTRAP] [debug] Got command of type ACTION
[36minfo[39m: [debug] [BOOTSTRAP] [debug] Got command action: getAttribute
[36minfo[39m: [debug] [BOOTSTRAP] [debug] Returning result: {"value":"true","status":0}
[36minfo[39m: [debug] Responding to client with success: {"status":0,"value":true,"sessionId":"dbf66a35-99ba-412c-9b77-a4e92401d0ae"}
[36minfo[39m: [37m<-- GET /wd/hub/session/dbf66a35-99ba-412c-9b77-a4e92401d0ae/element/4/displayed [39m[32m200[39m[90m 22.120 ms - 76[39m [90m{"status":0,"value":true,"sessionId":"dbf66a35-99ba-412c-9b77-a4e92401d0ae"}[39m
[36minfo[39m: [37m-->[39m [37mGET[39m [37m/wd/hub/session/dbf66a35-99ba-412c-9b77-a4e92401d0ae/element/5/displayed[39m [90m{}[39m
[36minfo[39m: [debug] Pushing command to appium work queue: ["element:getAttribute",{"elementId":"5","attribute":"displayed"}]
[36minfo[39m: [debug] [BOOTSTRAP] [debug] Got data from client: {"cmd":"action","action":"element:getAttribute","params":{"elementId":"5","attribute":"displayed"}}
[36minfo[39m: [debug] [BOOTSTRAP] [debug] Got command of type ACTION
[36minfo[39m: [debug] [BOOTSTRAP] [debug] Got command action: getAttribute
[36minfo[39m: [debug] [BOOTSTRAP] [debug] Returning result: {"value":"true","status":0}
[36minfo[39m: [debug] Responding to client with success: {"status":0,"value":true,"sessionId":"dbf66a35-99ba-412c-9b77-a4e92401d0ae"}
[36minfo[39m: [37m<-- GET /wd/hub/session/dbf66a35-99ba-412c-9b77-a4e92401d0ae/element/5/displayed [39m[32m200[39m[90m 20.909 ms - 76[39m [90m{"status":0,"value":true,"sessionId":"dbf66a35-99ba-412c-9b77-a4e92401d0ae"}[39m
[36minfo[39m: [37m-->[39m [37mGET[39m [37m/wd/hub/session/dbf66a35-99ba-412c-9b77-a4e92401d0ae/element/6/displayed[39m [90m{}[39m
[36minfo[39m: [debug] Pushing command to appium work queue: ["element:getAttribute",{"elementId":"6","attribute":"displayed"}]
[36minfo[39m: [debug] [BOOTSTRAP] [debug] Got data from client: {"cmd":"action","action":"element:getAttribute","params":{"elementId":"6","attribute":"displayed"}}
[36minfo[39m: [debug] [BOOTSTRAP] [debug] Got command of type ACTION
[36minfo[39m: [debug] [BOOTSTRAP] [debug] Got command action: getAttribute
[36minfo[39m: [debug] [BOOTSTRAP] [debug] Returning result: {"value":"true","status":0}
[36minfo[39m: [debug] Responding to client with success: {"status":0,"value":true,"sessionId":"dbf66a35-99ba-412c-9b77-a4e92401d0ae"}
[36minfo[39m: [37m<-- GET /wd/hub/session/dbf66a35-99ba-412c-9b77-a4e92401d0ae/element/6/displayed [39m[32m200[39m[90m 69.898 ms - 76[39m [90m{"status":0,"value":true,"sessionId":"dbf66a35-99ba-412c-9b77-a4e92401d0ae"}[39m
[36minfo[39m: [37m-->[39m [37mGET[39m [37m/wd/hub/session/dbf66a35-99ba-412c-9b77-a4e92401d0ae/element/7/displayed[39m [90m{}[39m
[36minfo[39m: [debug] Pushing command to appium work queue: ["element:getAttribute",{"elementId":"7","attribute":"displayed"}]
[36minfo[39m: [debug] [BOOTSTRAP] [debug] Got data from client: {"cmd":"action","action":"element:getAttribute","params":{"elementId":"7","attribute":"displayed"}}
[36minfo[39m: [debug] [BOOTSTRAP] [debug] Got command of type ACTION
[36minfo[39m: [debug] [BOOTSTRAP] [debug] Got command action: getAttribute
[36minfo[39m: [debug] [BOOTSTRAP] [debug] Returning result: {"value":"true","status":0}
[36minfo[39m: [debug] Responding to client with success: {"status":0,"value":true,"sessionId":"dbf66a35-99ba-412c-9b77-a4e92401d0ae"}
[36minfo[39m: [37m<-- GET /wd/hub/session/dbf66a35-99ba-412c-9b77-a4e92401d0ae/element/7/displayed [39m[32m200[39m[90m 22.687 ms - 76[39m [90m{"status":0,"value":true,"sessionId":"dbf66a35-99ba-412c-9b77-a4e92401d0ae"}[39m
